  main.cpp
d:\- bristol -\- university -\projects\batik\batik\main.cpp(66): warning C4305: 'argument': truncation from 'double' to 'GLclampf'
d:\- bristol -\- university -\projects\batik\batik\main.cpp(141): warning C4244: 'argument': conversion from 'double' to 'float', possible loss of data
d:\- bristol -\- university -\projects\batik\batik\main.cpp(144): warning C4244: 'argument': conversion from 'double' to 'float', possible loss of data
d:\- bristol -\- university -\projects\batik\batik\main.cpp(193): warning C4244: 'argument': conversion from 'double' to 'float', possible loss of data
d:\- bristol -\- university -\projects\batik\batik\main.cpp(429): warning C4244: 'argument': conversion from 'double' to 'float', possible loss of data
d:\- bristol -\- university -\projects\batik\batik\main.cpp(436): warning C4244: 'argument': conversion from 'double' to 'float', possible loss of data
d:\- bristol -\- university -\projects\batik\batik\main.cpp(484): warning C4305: 'argument': truncation from 'double' to 'float'
d:\- bristol -\- university -\projects\batik\batik\main.cpp(507): warning C4305: 'argument': truncation from 'double' to 'float'
d:\- bristol -\- university -\projects\batik\batik\main.cpp(564): warning C4305: '=': truncation from 'double' to 'float'
d:\- bristol -\- university -\projects\batik\batik\main.cpp(567): warning C4305: '=': truncation from 'double' to 'float'
d:\- bristol -\- university -\projects\batik\batik\main.cpp(611): warning C4244: 'argument': conversion from 'double' to 'float', possible loss of data
d:\- bristol -\- university -\projects\batik\batik\main.cpp(636): warning C4244: 'argument': conversion from 'double' to 'float', possible loss of data
d:\- bristol -\- university -\projects\batik\batik\main.cpp(403): warning C4101: 'yy': unreferenced local variable
d:\- bristol -\- university -\projects\batik\batik\main.cpp(403): warning C4101: 'xx': unreferenced local variable
d:\- bristol -\- university -\projects\batik\batik\main.cpp(403): warning C4101: 'zz': unreferenced local variable
d:\- bristol -\- university -\projects\batik\batik\main.cpp(707): warning C4244: 'initializing': conversion from 'double' to 'float', possible loss of data
d:\- bristol -\- university -\projects\batik\batik\main.cpp(708): warning C4244: 'initializing': conversion from 'double' to 'float', possible loss of data
d:\- bristol -\- university -\projects\batik\batik\main.cpp(709): warning C4244: 'initializing': conversion from 'double' to 'float', possible loss of data
d:\- bristol -\- university -\projects\batik\batik\main.cpp(730): warning C4244: 'argument': conversion from 'double' to 'GLfloat', possible loss of data
d:\- bristol -\- university -\projects\batik\batik\main.cpp(742): warning C4018: '<': signed/unsigned mismatch
d:\- bristol -\- university -\projects\batik\batik\main.cpp(746): warning C4018: '<': signed/unsigned mismatch
d:\- bristol -\- university -\projects\batik\batik\main.cpp(762): warning C4018: '<': signed/unsigned mismatch
  Batik.vcxproj -> D:\- Bristol -\- University -\Projects\Batik\Debug\Batik.exe
  Batik.vcxproj -> D:\- Bristol -\- University -\Projects\Batik\Debug\Batik.pdb (Partial PDB)
